<?xml version="1.0" encoding="UTF-8"?>
<testng-results ignored="0" total="1" passed="1" failed="0" skipped="0">
  <reporter-output>
  </reporter-output>
  <suite started-at="2023-05-18T16:12:30 CEST" name="Suite" finished-at="2023-05-18T16:12:55 CEST" duration-ms="24869">
    <groups>
      <group name="cucumber">
        <method signature="AbstractTestNGCucumberTests.runScenario(io.cucumber.testng.PickleWrapper,io.cucumber.testng.FeatureWrapper)[pri:0, instance:loginAutomationTest.CucumberTestNGTestrunner@4b013c76]" name="runScenario" class="io.cucumber.testng.AbstractTestNGCucumberTests"/>
      </group> <!-- cucumber -->
    </groups>
    <test started-at="2023-05-18T16:12:30 CEST" name="LoginTest" finished-at="2023-05-18T16:12:55 CEST" duration-ms="24869">
      <class name="loginAutomationTest.CucumberTestNGTestrunner">
        <test-method is-config="true" signature="setUpClass(org.testng.ITestContext)[pri:0, instance:loginAutomationTest.CucumberTestNGTestrunner@4b013c76]" started-at="2023-05-18T16:12:30 CEST" name="setUpClass" finished-at="2023-05-18T16:12:31 CEST" duration-ms="588" status="PASS">
          <params>
            <param index="0">
              <value>
                <![CDATA[org.testng.TestRunner@7792d851]]>
              </value>
            </param>
          </params>
          <reporter-output>
          </reporter-output>
        </test-method> <!-- setUpClass -->
        <test-method signature="runScenario(io.cucumber.testng.PickleWrapper,io.cucumber.testng.FeatureWrapper)[pri:0, instance:loginAutomationTest.CucumberTestNGTestrunner@4b013c76]" started-at="2023-05-18T16:12:31 CEST" name="runScenario" description="Runs Cucumber Scenarios" data-provider="scenarios" finished-at="2023-05-18T16:12:55 CEST" duration-ms="24204" status="PASS">
          <params>
            <param index="0">
              <value>
                <![CDATA["login with correct email and password"]]>
              </value>
            </param>
            <param index="1">
              <value>
                <![CDATA["login"]]>
              </value>
            </param>
          </params>
          <reporter-output>
          </reporter-output>
        </test-method> <!-- runScenario -->
        <test-method is-config="true" signature="tearDownClass()[pri:0, instance:loginAutomationTest.CucumberTestNGTestrunner@4b013c76]" started-at="2023-05-18T16:12:55 CEST" name="tearDownClass" finished-at="2023-05-18T16:12:55 CEST" duration-ms="33" status="PASS">
          <reporter-output>
          </reporter-output>
        </test-method> <!-- tearDownClass -->
      </class> <!-- loginAutomationTest.CucumberTestNGTestrunner -->
    </test> <!-- LoginTest -->
  </suite> <!-- Suite -->
</testng-results>
